created setup with 512 bodies
plot initial setup plus every 0.0500000007450581 time units
plot next snapshot,	 time step=1,	 t=0.00100000004749745,	 dt=0.00100000004749745,	 v_max=0.00559723749406397,	 dx_min=0.0274192504972912
plot next snapshot,	 time step=50,	 t=0.0500000023748726,	 dt=0.00100000004749745,	 v_max=0.280818136566121,	 dx_min=0.0274192504972912
plot next snapshot,	 time step=100,	 t=0.100000004749745,	 dt=0.00100000004749745,	 v_max=0.563625142261565,	 dx_min=0.0274192504972912
plot next snapshot,	 time step=150,	 t=0.150000007124618,	 dt=0.00100000004749745,	 v_max=0.84847953933675,	 dx_min=0.0274192504972912
plot next snapshot,	 time step=200,	 t=0.20000000949949,	 dt=0.00100000004749745,	 v_max=1.13544265435136,	 dx_min=0.0274192504972912
plot next snapshot,	 time step=250,	 t=0.250000011874363,	 dt=0.00100000004749745,	 v_max=1.42457880552001,	 dx_min=0.0274192504972912
plot next snapshot,	 time step=300,	 t=0.300000014249235,	 dt=0.00100000004749745,	 v_max=1.71595550625386,	 dx_min=0.0274192504972912
plot next snapshot,	 time step=350,	 t=0.350000016624108,	 dt=0.00100000004749745,	 v_max=2.00964368662936,	 dx_min=0.0274192504972912
plot next snapshot,	 time step=400,	 t=0.400000018998981,	 dt=0.00100000004749745,	 v_max=2.30571793473635,	 dx_min=0.0274192504972912
plot next snapshot,	 time step=450,	 t=0.450000021373853,	 dt=0.00100000004749745,	 v_max=2.60425676011322,	 dx_min=0.0274192504972912
plot next snapshot,	 time step=500,	 t=0.500000023748726,	 dt=0.00100000004749745,	 v_max=2.90534288177072,	 dx_min=0.0274192504972912
plot next snapshot,	 time step=550,	 t=0.550000026123598,	 dt=0.00100000004749745,	 v_max=3.20906354364556,	 dx_min=0.0274192504972912
plot next snapshot,	 time step=600,	 t=0.600000028498471,	 dt=0.00100000004749745,	 v_max=3.51551086071996,	 dx_min=0.0274192504972912
plot next snapshot,	 time step=650,	 t=0.650000030873343,	 dt=0.00100000004749745,	 v_max=3.82478219950086,	 dx_min=0.0274192504972912
plot next snapshot,	 time step=700,	 t=0.700000033248216,	 dt=0.00100000004749745,	 v_max=4.13698059708782,	 dx_min=0.0274192504972912
plot next snapshot,	 time step=750,	 t=0.750000035623088,	 dt=0.00100000004749745,	 v_max=4.4522152236841,	 dx_min=0.0274192504972912
plot next snapshot,	 time step=800,	 t=0.800000037997961,	 dt=0.00100000004749745,	 v_max=4.77060189413938,	 dx_min=0.0274192504972912
plot next snapshot,	 time step=850,	 t=0.850000040372834,	 dt=0.00100000004749745,	 v_max=5.09226363497873,	 dx_min=0.0274192504972912
plot next snapshot,	 time step=900,	 t=0.900000042747706,	 dt=0.00100000004749745,	 v_max=5.41733131439505,	 dx_min=0.0274192504972912
plot next snapshot,	 time step=950,	 t=0.950000045122579,	 dt=0.00100000004749745,	 v_max=5.74594434389481,	 dx_min=0.0274192504972912
plot next snapshot,	 time step=1000,	 t=1.00000004749745,	 dt=0.00100000004749745,	 v_max=6.07825146173516,	 dx_min=0.0274192504972912
plot next snapshot,	 time step=1050,	 t=1.05000004987232,	 dt=0.00100000004749745,	 v_max=6.41441161001854,	 dx_min=0.0274192504972912
plot next snapshot,	 time step=1100,	 t=1.1000000522472,	 dt=0.00100000004749745,	 v_max=6.75459491938921,	 dx_min=0.0274192504972912
plot next snapshot,	 time step=1150,	 t=1.15000005462207,	 dt=0.00100000004749745,	 v_max=7.09898381778473,	 dx_min=0.0274192504972912
plot next snapshot,	 time step=1200,	 t=1.20000005699694,	 dt=0.00100000004749745,	 v_max=7.44777428273513,	 dx_min=0.0274192504972912
plot next snapshot,	 time step=1250,	 t=1.25000005937181,	 dt=0.00100000004749745,	 v_max=7.80117726040819,	 dx_min=0.0274192504972912
plot next snapshot,	 time step=1300,	 t=1.30000006174669,	 dt=0.00100000004749745,	 v_max=8.15942027913838,	 dx_min=0.0274192504972912
plot next snapshot,	 time step=1350,	 t=1.35000006412156,	 dt=0.00100000004749745,	 v_max=8.52274929076732,	 dx_min=0.0274192504972912
plot next snapshot,	 time step=1400,	 t=1.40000006649643,	 dt=0.00100000004749745,	 v_max=8.89143078005048,	 dx_min=0.0274192504972912
plot next snapshot,	 time step=1450,	 t=1.4500000688713,	 dt=0.00100000004749745,	 v_max=9.26575419102192,	 dx_min=0.0274192504972912
plot next snapshot,	 time step=1500,	 t=1.50000007124618,	 dt=0.00100000004749745,	 v_max=9.6460347300437,	 dx_min=0.0274192504972912
plot next snapshot,	 time step=1550,	 t=1.55000007362105,	 dt=0.00100000004749745,	 v_max=10.0326166189625,	 dx_min=0.0274192504972912
plot next snapshot,	 time step=1600,	 t=1.60000007599592,	 dt=0.00100000004749745,	 v_max=10.4258768892269,	 dx_min=0.0274192504972912
plot next snapshot,	 time step=1650,	 t=1.65000007837079,	 dt=0.00100000004749745,	 v_max=10.8262298301892,	 dx_min=0.0274192504972912
plot next snapshot,	 time step=1700,	 t=1.70000008074567,	 dt=0.00100000004749745,	 v_max=11.2341322337562,	 dx_min=0.0274192504972912
plot next snapshot,	 time step=1750,	 t=1.75000008312054,	 dt=0.00100000004749745,	 v_max=11.6500896153498,	 dx_min=0.0274192504972912
plot next snapshot,	 time step=1800,	 t=1.80000008549541,	 dt=0.00100000004749745,	 v_max=12.0746636409552,	 dx_min=0.0274192504972912
plot next snapshot,	 time step=1850,	 t=1.85000008787028,	 dt=0.00100000004749745,	 v_max=12.5084810564182,	 dx_min=0.0274192504972912
plot next snapshot,	 time step=1900,	 t=1.90000009024516,	 dt=0.00100000004749745,	 v_max=12.9522445045662,	 dx_min=0.0274192504972912
plot next snapshot,	 time step=1950,	 t=1.95000009262003,	 dt=0.00100000004749745,	 v_max=13.4067457376848,	 dx_min=0.0274192504972912
plot next snapshot,	 time step=2000,	 t=2.0000000949949,	 dt=0.00100000004749745,	 v_max=13.8728819013894,	 dx_min=0.0274192504972912
Number of remaining objects: 512
Position of first remaining object: 0.0189027991145849, -0.0204649772495031, -0.0199784953147173
